<?xml version="1.0" encoding="UTF-8"?>
<!-- Generated by org.testng.reporters.JUnitReportReporter -->
<testsuite hostname="administrator-Latitude-E5570" name="ParallelExecution.parallelTest" tests="2" failures="0" timestamp="31 Jul 2019 16:50:42 GMT" time="0.009" errors="0">
  <testcase name="testCase1" time="0.009" classname="ParallelExecution.parallelTest"/>
  <testcase name="testCase2" time="0.000" classname="ParallelExecution.parallelTest"/>
</testsuite> <!-- ParallelExecution.parallelTest -->
